<?xml version="1.0" encoding="UTF-8"?>
<testng-results ignored="0" total="3" passed="3" failed="0" skipped="0">
  <reporter-output>
  </reporter-output>
  <suite started-at="2025-04-24T14:27:36 AEST" name="IframeTestSuite" finished-at="2025-04-24T14:29:17 AEST" duration-ms="101054">
    <groups>
    </groups>
    <test started-at="2025-04-24T14:27:36 AEST" name="IframeTestExecution" finished-at="2025-04-24T14:29:17 AEST" duration-ms="101054">
      <class name="Test.Planit_Test_Execution">
        <test-method signature="validatecontactFields()[pri:1, instance:Test.Planit_Test_Execution@1af1347d]" started-at="2025-04-24T14:27:36 AEST" name="validatecontactFields" finished-at="2025-04-24T14:28:07 AEST" duration-ms="31058" status="PASS">
          <reporter-output>
          </reporter-output>
        </test-method> <!-- validatecontactFields -->
        <test-method signature="submit_form()[pri:2, instance:Test.Planit_Test_Execution@1af1347d]" started-at="2025-04-24T14:28:07 AEST" name="submit_form" finished-at="2025-04-24T14:29:14 AEST" duration-ms="67099" status="PASS">
          <reporter-output>
          </reporter-output>
        </test-method> <!-- submit_form -->
        <test-method signature="buy_item()[pri:3, instance:Test.Planit_Test_Execution@1af1347d]" started-at="2025-04-24T14:29:14 AEST" name="buy_item" finished-at="2025-04-24T14:29:17 AEST" duration-ms="2564" status="PASS">
          <reporter-output>
          </reporter-output>
        </test-method> <!-- buy_item -->
        <test-method is-config="true" signature="close()[pri:0, instance:Test.Planit_Test_Execution@1af1347d]" started-at="2025-04-24T14:29:17 AEST" name="close" finished-at="2025-04-24T14:29:17 AEST" duration-ms="192" status="PASS">
          <reporter-output>
          </reporter-output>
        </test-method> <!-- close -->
      </class> <!-- Test.Planit_Test_Execution -->
    </test> <!-- IframeTestExecution -->
  </suite> <!-- IframeTestSuite -->
</testng-results>
