<?xml version="1.0" encoding="UTF-8"?>
<!-- Generated by org.testng.reporters.JUnitXMLReporter -->
<testsuite ignored="0" hostname="DESKTOP-K0L469T" failures="0" tests="3" name="IframeTestExecution" time="101.136" errors="0" timestamp="2025-04-24T02:54:32 AEST">
  <testcase classname="Test.Planit_Test_Execution" name="validatecontactFields" time="31.278"/>
  <testcase classname="Test.Planit_Test_Execution" name="submit_form" time="68.107"/>
  <testcase classname="Test.Planit_Test_Execution" name="buy_item" time="1.4"/>
</testsuite> <!-- IframeTestExecution -->
