<?xml version="1.0" encoding="UTF-8"?>
<!-- Generated by org.testng.reporters.JUnitXMLReporter -->
<testsuite ignored="0" hostname="DESKTOP-K0L469T" failures="0" tests="3" name="IframeTestExecution" time="101.054" errors="0" timestamp="2025-04-24T14:29:17 AEST">
  <testcase classname="Test.Planit_Test_Execution" name="validatecontactFields" time="31.058"/>
  <testcase classname="Test.Planit_Test_Execution" name="submit_form" time="67.099"/>
  <testcase classname="Test.Planit_Test_Execution" name="buy_item" time="2.564"/>
</testsuite> <!-- IframeTestExecution -->
