<?xml version="1.0" encoding="UTF-8"?>
<testng-results ignored="0" total="1" passed="1" failed="0" skipped="0">
  <reporter-output>
  </reporter-output>
  <suite started-at="2025-04-23T03:04:54 AEST" name="Default suite" finished-at="2025-04-23T03:05:25 AEST" duration-ms="31234">
    <groups>
    </groups>
    <test started-at="2025-04-23T03:04:54 AEST" name="Default test" finished-at="2025-04-23T03:05:25 AEST" duration-ms="31234">
      <class name="Test.Iframe">
        <test-method signature="validatecontactFields()[pri:1, instance:Test.Iframe@18a3962d]" started-at="2025-04-23T03:04:54 AEST" name="validatecontactFields" finished-at="2025-04-23T03:05:25 AEST" duration-ms="31172" status="PASS">
          <reporter-output>
          </reporter-output>
        </test-method> <!-- validatecontactFields -->
      </class> <!-- Test.Iframe -->
    </test> <!-- Default test -->
  </suite> <!-- Default suite -->
</testng-results>
